<?xml version="1.0" encoding="UTF-8"?>
<!-- Generated by org.testng.reporters.JUnitReportReporter -->
<testsuite hostname="DESKTOP-AK2RKEP" failures="0" tests="1" name="testscripts.WidgetTest" time="26.238" errors="0" timestamp="2023-08-08T23:30:17 IST" skipped="0">
  <testcase classname="testscripts.WidgetTest" name="verifyWidgetsOnDashboard" time="26.238"/>
  <system-out/>
</testsuite> <!-- testscripts.WidgetTest -->
