<?xml version="1.0" encoding="UTF-8"?>
<!-- Generated by org.testng.reporters.JUnitReportReporter -->
<testsuite hostname="DESKTOP-AK2RKEP" failures="0" tests="4" name="testscripts.LoginTest" time="111.478" errors="0" timestamp="2023-08-08T23:27:27 IST" skipped="0">
  <testcase classname="testscripts.LoginTest" name="verfiyLoginWithDataProvider" time="25.003"/>
  <system-out/>
  <testcase classname="testscripts.LoginTest" name="verfiyLoginWithDataProvider" time="28.803"/>
  <system-out/>
  <testcase classname="testscripts.LoginTest" name="verifyLoginWithInvalidCredentials" time="23.477"/>
  <system-out/>
  <testcase classname="testscripts.LoginTest" name="verifyLogin" time="34.195"/>
  <system-out/>
</testsuite> <!-- testscripts.LoginTest -->
