<?xml version="1.0" encoding="UTF-8"?>
<!-- Generated by org.testng.reporters.JUnitReportReporter -->
<testsuite hostname="DESKTOP-AK2RKEP" failures="0" tests="1" name="temp.FirstTest" time="0.034" errors="0" timestamp="2023-08-08T23:34:53 IST" skipped="0">
  <testcase classname="temp.FirstTest" name="m1" time="0.034"/>
  <system-out/>
</testsuite> <!-- temp.FirstTest -->
